<?xml version="1.0" encoding="UTF-8"?>
<testsuites>
	<testsuite name="main" errors="0" failures="1" tests="1" time="0.01">
		<testcase classname="main" name="ShaunTest" assertions="1" time="0.01">
			<failure type="failed" message="Asser true - TEST">
	file:///F:/Documents/SOFT352/WebApp/QUnit/sessionqunit.js:3:14
			</failure>
		</testcase>
	</testsuite>
</testsuites>
