<?xml version="1.0" encoding="UTF-8"?>
<testsuites>
	<testsuite name="Sessions" errors="0" failures="0" tests="10" time="0.18">
		<testcase classname="Sessions" name="Show 'Available Sessions' tab content" assertions="1" time="0.04">
		</testcase>
		<testcase classname="Sessions" name="Set 'Available Sessions' list" assertions="4" time="0.01">
		</testcase>
		<testcase classname="Sessions" name="Add new session to 'Available Session' list" assertions="2" time="0.01">
		</testcase>
		<testcase classname="Sessions" name="Remove session from 'Available Sessions' list" assertions="2" time="0.01">
		</testcase>
		<testcase classname="Sessions" name="View details for a session in the 'Available Sessions' list" assertions="8" time="0.03">
		</testcase>
		<testcase classname="Sessions" name="Show 'My Session' tab content" assertions="3" time="0.01">
		</testcase>
		<testcase classname="Sessions" name="Set current user session" assertions="10" time="0.01">
		</testcase>
		<testcase classname="Sessions" name="Remove current user session" assertions="3" time="0.01">
		</testcase>
		<testcase classname="Sessions" name="Display 'Create new session' popup" assertions="6" time="0.03">
		</testcase>
		<testcase classname="Sessions" name="Remove session from 'Available Sessions' when the user is in that session" assertions="2" time="0.01">
		</testcase>
	</testsuite>
	<testsuite name="Books" errors="0" failures="0" tests="2" time="0.03">
		<testcase classname="Books" name="Display list of books in 'Create a new session' book list" assertions="2" time="0.02">
		</testcase>
		<testcase classname="Books" name="Display book page in book carousel" assertions="4" time="0.01">
		</testcase>
	</testsuite>
</testsuites>
